9.097620440622701921e+00
8.367076121690816493e+00
9.856950987837439726e+00
1.104283485586167757e+01
1.106614571958279214e+01
9.839415108413950506e+00
1.057432732756185345e+01
9.231663970656571294e+00
9.323726317017642984e+00
8.495483710836420954e+00
1.193867425200580357e+01
1.012272305918972926e+01
1.161947581124260509e+01
1.020028334605523490e+01
8.759156682981060982e+00
9.345604401242983528e+00
9.332044266789418785e+00
9.703801036243252298e+00
8.356613925628559869e+00
9.683256311873833511e+00
9.042350004993334522e+00
1.078489932549365626e+01
1.144257489191770460e+01
9.252904632504970195e+00
9.200487428472195361e+00
6.514651769355518596e+00
9.563286264240700163e+00
1.054681794523336080e+01
1.023952400574248145e+01
8.539554788194658741e+00
1.067004994964915632e+01
7.275564145477794398e+00
8.786451936858174605e+00
1.043839298326630960e+01
9.635774868705325957e+00
1.009347823580484338e+01
1.034193984295572832e+01
1.006743301179565542e+01
1.191503975414303618e+01
8.065070634636827052e+00
1.091165736510747486e+01
1.088274273980181484e+01
1.101891418633024777e+01
1.016463300012543236e+01
7.657683291113935198e+00
8.978808847923522407e+00
1.059569006263954272e+01
8.972790757791566207e+00
7.852133377833512284e+00
1.179386322276442378e+01
1.071283025269769063e+01
7.689360133418349896e+00
8.550321566969996567e+00
7.577652001943547155e+00
1.093368265764013536e+01
1.032423450187557989e+01
1.197193668547465784e+01
7.695356690633140317e+00
1.099243926455396014e+01
1.201873035606214479e+01
9.077251501703459624e+00
1.042478473995320165e+01
1.199789265594243126e+01
1.008226719052290932e+01
8.586735731099066626e+00
9.770198466734386855e+00
8.652321714819505516e+00
8.587468410618862791e+00
9.826254973912361024e+00
1.053997407973527167e+01
1.069602521168955711e+01
9.951837508364132390e+00
9.038766255173463549e+00
9.926600209012795162e+00
8.260992164045456221e+00
1.068117750484705830e+01
1.155823555443686246e+01
7.820847089814805031e+00
8.881961951406465161e+00
9.797317695017266459e+00
8.596325003511877227e+00
9.637407368009020203e+00
9.200827472457785206e+00
1.171899543107294406e+01
7.287987357914570197e+00
9.580561267169594331e+00
8.288707910167461890e+00
8.040608840495561793e+00
1.064169093764480856e+01
1.017502547436296112e+01
9.456160481625367709e+00
1.011065566019832573e+01
7.881340338505313348e+00
9.921109955519487045e+00
1.197068313349388546e+01
1.124697403487401637e+01
1.069837606191761026e+01
9.474177529692305200e+00
9.768817398259018958e+00
8.242167111272648228e+00
8.983973786266778561e+00
1.066122409519551617e+01
8.798419756113684542e+00
9.495303402681162908e+00
1.113094291012197168e+01
1.160814245258732313e+01
7.862610943115456941e+00
9.618956539726003285e+00
1.146304653244558835e+01
9.815262139530783969e+00
1.029314529208015827e+01
8.936818458728517101e+00
1.111167775333956698e+01
8.000995397182871116e+00
9.965746732229456839e+00
1.111735307785328253e+01
9.636078090602079982e+00
9.849339301739123087e+00
9.613808571562820759e+00
7.688908422445968505e+00
8.512265617967004872e+00
8.536288268674903534e+00
7.352038260770688005e+00
1.089606329053389366e+01
9.960609410452827106e+00
1.192034853877680511e+01
9.512131657614867564e+00
8.899238315151688283e+00
8.673529156739933299e+00
1.025750279085623973e+01
1.086359485336754815e+01
9.643722436292232914e+00
1.049713029860750702e+01
8.969658879040116162e+00
8.437101648604462767e+00
8.821995898970451222e+00
1.010509328343971092e+01
1.067806795949296550e+01
9.109660142999461030e+00
9.421267149813200348e+00
8.643152214219410823e+00
9.385700934351584479e+00
9.452534066211258690e+00
8.303442909398917493e+00
7.392411439833667330e+00
1.098086672241729111e+01
1.039073063157439591e+01
1.110287038997836362e+01
7.809768123764562198e+00
8.552287706417745383e+00
8.518326533789236876e+00
7.102389461446952268e+00
9.534990650267562984e+00
1.011272410101461894e+01
7.116459581830881120e+00
1.142859418517122982e+01
8.641933002838879219e+00
1.020454398192551437e+01
9.331309666117160617e+00
1.061844747435586456e+01
8.397447060609898983e+00
7.043981863896866535e+00
1.067441560852063454e+01
9.488148790772514829e+00
7.858549786909040158e+00
9.616076972331091710e+00
9.750619281572635799e+00
9.440049136751675007e+00
9.886186125412002923e+00
1.077557317091997646e+01
8.942456400817262008e+00
8.938398606627650622e+00
1.084569683670516937e+01
9.925450319216896133e+00
1.038104738278703465e+01
9.526984887770691302e+00
8.697538119236547516e+00
9.590114918213860307e+00
1.136857281955394328e+01
9.441253699344693828e+00
1.024384203604253152e+01
1.028305043637803884e+01
1.148137104495429917e+01
9.992218772277052352e+00
1.087525456779713195e+01
9.337741844652471812e+00
1.152619065134013532e+01
1.132097010363633771e+01
7.202415144854715123e+00
1.064719511949346042e+01
7.908452122322406908e+00
8.067452463448313793e+00
9.863881305196272820e+00
9.065643498294281954e+00
9.999080728627482983e+00
6.563419344048615933e+00
9.737761568487606212e+00
8.951223099784709092e+00
9.252116159515788141e+00
7.070797069802799761e+00
