2.928640000000001017e-03
2.641920000000001160e-03
2.519040000000001035e-03
2.232320000000001178e-03
1.761280000000000701e-03
2.600960000000001118e-03
3.604480000000001485e-03
3.276800000000001586e-03
2.478080000000000994e-03
3.584000000000001247e-03
2.293760000000001024e-03
2.949120000000000821e-03
3.543040000000001206e-03
3.194880000000001503e-03
2.600960000000001118e-03
2.273280000000001220e-03
2.662400000000000964e-03
2.949120000000000821e-03
2.867200000000000738e-03
4.352000000000000833e-03
3.543040000000001206e-03
3.153920000000001462e-03
2.682880000000001201e-03
2.211840000000000941e-03
2.437120000000000952e-03
3.624960000000001289e-03
2.314240000000000828e-03
2.088960000000000816e-03
1.843200000000000784e-03
2.539520000000000839e-03
2.744320000000001047e-03
1.986560000000000496e-03
3.235840000000001545e-03
1.925120000000000650e-03
2.785280000000001088e-03
2.088960000000000816e-03
2.908160000000000779e-03
2.293760000000001024e-03
3.112960000000001420e-03
2.375680000000000673e-03
3.112960000000001420e-03
4.198400000000000569e-03
3.338240000000000998e-03
2.764800000000001284e-03
2.027520000000000537e-03
3.768320000000001651e-03
2.498560000000000798e-03
2.846720000000000934e-03
3.338240000000000998e-03
2.990080000000000862e-03
2.805760000000001326e-03
2.539520000000000839e-03
2.580480000000000881e-03
2.846720000000000934e-03
2.805760000000001326e-03
1.986560000000000496e-03
2.150400000000001095e-03
3.174400000000001266e-03
3.665920000000001330e-03
2.375680000000000673e-03
2.211840000000000941e-03
2.437120000000000952e-03
3.461120000000001123e-03
3.133440000000001224e-03
3.235840000000001545e-03
2.560000000000001077e-03
2.908160000000000779e-03
3.031040000000000904e-03
2.457600000000000756e-03
1.638400000000000793e-03
2.293760000000001024e-03
2.580480000000000881e-03
3.010560000000001100e-03
3.706880000000001372e-03
2.867200000000000738e-03
2.293760000000001024e-03
2.723840000000001243e-03
2.990080000000000862e-03
2.519040000000001035e-03
2.314240000000000828e-03
2.662400000000000964e-03
2.273280000000001220e-03
3.768320000000001651e-03
2.723840000000001243e-03
2.048000000000000775e-03
2.928640000000001017e-03
2.826240000000000696e-03
2.129920000000000858e-03
2.969600000000001058e-03
3.194880000000001503e-03
1.863680000000000805e-03
2.785280000000001088e-03
2.641920000000001160e-03
3.317760000000001628e-03
2.969600000000001058e-03
3.297280000000001390e-03
3.420160000000001081e-03
2.744320000000001047e-03
2.068480000000001012e-03
2.519040000000001035e-03
