5.075422432673904360e+00
4.276625247359849169e+00
7.444124575071417560e+00
5.343910319152053390e+00
3.967753614974987908e+00
8.259270453214206498e+00
4.232297565078901869e+00
4.287893100508573418e+00
5.995077034486359757e+00
3.349557001895062225e+00
5.727876069847597229e+00
4.119643016341340669e+00
3.416880311744030507e+00
3.334335728178975611e+00
1.136012172561249756e+01
4.190550675645230427e+00
7.051011791098409809e+00
4.714986524648918653e+00
4.110013280032852379e+00
5.234811224038301347e+00
5.058651204570998594e+00
3.652277822041225530e+00
7.252293002915713771e+00
4.879992598537165271e+00
5.457759263959847118e+00
5.793040298202791760e+00
4.500448189730546389e+00
3.603991032311964382e+00
3.297568303556463576e+00
6.582298373967740091e+00
7.757439723926120578e+00
6.230322035271814052e+00
3.587296266509862441e+00
7.667269563843259306e+00
3.616539200174794910e+00
2.987463280770588092e+00
5.879287395843946662e+00
7.683593109728676041e+00
4.197468274380331543e+00
1.179190152377461942e+01
8.904938973547473324e+00
6.123839269383840822e+00
3.525251159264962020e+00
5.293552048175768299e+00
6.619595081963398187e+00
6.904996721341618127e+00
6.284222484239805340e+00
7.924576080453634042e+00
6.807455689239351848e+00
5.293688897813039418e+00
5.824021887421717558e+00
4.597410363285399981e+00
5.478600680583815219e+00
7.250705053470338335e+00
5.035729899880696081e+00
5.600763116651709339e+00
3.056334033998679089e+00
4.500824778416501637e+00
4.448384938308409531e+00
4.561777887271619036e+00
7.373365013547251046e+00
1.333874859502505217e+01
3.569490617410933098e+00
3.242372206080569086e+00
4.721893516574650285e+00
3.379595890074308606e+00
5.215224143457862560e+00
4.075606725581048195e+00
4.480620270413174566e+00
4.823374771898171431e+00
5.836165188055519870e+00
1.251961444052872707e+01
4.610372595127513407e+00
5.677580343577687927e+00
6.811611095662954085e+00
3.717418844182373672e+00
5.024503811341601178e+00
7.005536161185716537e+00
9.396386229557538883e+00
2.565988966929542592e+00
5.679673071051372979e+00
7.153468467778413498e+00
6.415876262298245258e+00
3.319256137239620763e+00
7.253823091290125369e+00
5.228384891541677071e+00
5.445996814357656035e+00
5.649687910184022499e+00
5.749834856142864936e+00
4.381135227802430698e+00
8.390320256446113234e+00
5.651126279370841665e+00
5.085379316633316549e+00
5.056139808546217473e+00
1.303584741603162733e+01
5.211203104332302161e+00
4.346481535306340405e+00
6.327881734878226361e+00
5.737012339064134991e+00
6.799913350861680250e+00
3.821046584685581671e+00
4.893630709278549595e+00
7.394676172706630801e+00
3.881251577170940159e+00
7.141832960723678347e+00
4.067872186183255856e+00
3.616105149125930840e+00
4.120982914191069213e+00
6.668420098134927976e+00
4.808784958469700221e+00
4.740957696999804405e+00
3.602795813511451062e+00
3.328121365353056582e+00
4.449492186233674929e+00
6.437372744636893351e+00
4.433730159009779292e+00
4.354098260413519661e+00
6.097372850248201637e+00
9.195540255272439012e+00
9.664862493553302514e+00
3.151255917817173735e+00
2.476066448824949973e+00
4.686074937535607887e+00
7.029347546100049193e+00
6.978538400439895817e+00
3.106943031514051157e+00
5.111361912237869731e+00
1.456756111280105159e+01
7.084575441302591869e+00
6.809543593842415810e+00
7.358215820513020589e+00
8.587095132248835583e+00
7.634212171006878656e+00
6.231128156371577909e+00
9.205051157443998378e+00
4.412631273695909684e+00
7.596741747374391451e+00
4.059042712476380821e+00
5.750566853722274274e+00
6.944883803950017587e+00
5.920007450465408105e+00
4.528089940882186859e+00
8.270635483997468285e+00
6.025998951688165128e+00
9.299535308870357397e+00
8.070240551991821221e+00
3.993372248107536659e+00
4.734073629395959770e+00
1.003101252163818558e+01
3.344452609399928722e+00
7.545215064661310755e+00
5.649632639635441933e+00
4.533561634161416443e+00
7.473456837890640969e+00
2.670453999323793681e+00
9.313546051428566841e+00
5.454677604569277527e+00
3.639469698888002647e+00
2.915979143094395987e+00
3.952018297878250319e+00
5.648458084207811147e+00
5.958320829769231608e+00
3.824048580047041401e+00
7.435762487560693579e+00
1.162725602424050741e+01
8.060098399043045703e+00
2.569608787595059507e+00
3.326429033578427230e+00
5.424345037478652820e+00
4.792070115221721771e+00
1.175220039343443368e+01
5.420985310040804528e+00
1.033551472347666689e+01
4.704356263022361873e+00
1.267942436017914964e+01
1.220024149006290948e+01
5.409188407478352723e+00
4.671967132989851557e+00
6.723813987312606599e+00
6.717401540665526305e+00
3.056272373402018960e+00
5.831220068616778995e+00
6.206642551171687394e+00
1.630379597034157246e+00
1.256082622443258678e+01
7.736771370720650687e+00
1.640752507156678774e+01
4.623401000549594464e+00
6.617633899207532089e+00
1.022374298794390945e+01
3.789397667344592602e+00
7.206974580294120969e+00
7.671739031518601593e+00
6.286019748844845267e+00
5.697796849461203017e+00
7.103481326237447213e+00
4.210671672438063950e+00
3.764183160785836257e+00
6.246089210767021171e+00
4.448421952476897978e+00
