1.681399219138631995e+00
2.124151218050848833e+00
2.840033312329416137e+00
2.956639430030894911e+00
2.980657915781056655e+00
3.435407494635541958e+00
2.267582978404833138e+00
2.793095327545464635e+00
2.272237984529795085e+00
3.105503995344276902e+00
3.463852593648843126e+00
2.690812606603028900e+00
1.369049990399103134e+00
3.778984810043043652e+00
1.931149781473300520e+00
2.350723959682370356e+00
2.793840197313068874e+00
2.186446953173806662e+00
2.774022025403620084e+00
3.812732293700537234e+00
3.027601590558493871e+00
3.598261229589224897e+00
1.669023907495100989e+00
2.054541219513208006e+00
3.197911060989916177e+00
2.265969714104104415e+00
2.539159983681515076e+00
2.847310269551990736e+00
1.988298247087253889e+00
3.071387693321274259e+00
2.467779367398254209e+00
2.835601750180254843e+00
2.742625273573436218e+00
3.884133852215416738e+00
1.682013042834902272e+00
2.923091440436679900e+00
2.660050704384448128e+00
2.971880117612955008e+00
2.930285972542729933e+00
3.088108056691121206e+00
3.166103567330114998e+00
1.905255147614739908e+00
3.047186049139825492e+00
4.094083824920460302e+00
2.392535235925032033e+00
2.006007471884591276e+00
2.440097617093451188e+00
2.696127505617722075e+00
1.405339995261623010e+00
1.942314522948134892e+00
2.292497920895749441e+00
3.169506807485779287e+00
2.553856189551090061e+00
2.309065599408337111e+00
3.159163198923089055e+00
3.300419431640914780e+00
3.089066711692597167e+00
1.820255560755047242e+00
1.119508349335083697e+00
4.869371227211919617e+00
3.837893715955285945e+00
4.273313533456366997e+00
2.606555522020601146e+00
3.058613181526090852e+00
2.110512179727083826e+00
2.238632101028293242e+00
2.540315754072091536e+00
3.461874468068284028e+00
2.022278220988154462e+00
3.776864709808709808e+00
2.316817904112911108e+00
3.201018628570706515e+00
3.349068523668385033e+00
3.072375751950522815e+00
2.956581421233389406e+00
2.656761900844179181e+00
2.397574619130301343e+00
2.990403331561525935e+00
1.465487293590884255e+00
2.441560060624447637e+00
1.852722564319100984e+00
3.434204480923259695e+00
2.639069292128445099e+00
2.560652024092565426e+00
2.581707382129831974e+00
2.208771427632138185e+00
2.437628887348044504e+00
3.248050048732588735e+00
3.537545248131645614e+00
2.669129240083371268e+00
2.346394114738753700e+00
2.962149718157931044e+00
2.135979643026836960e+00
1.589862145727371390e+00
1.979278667321383800e+00
1.930948492092849245e+00
2.059565108161783620e+00
1.677082771991407206e+00
2.829930434975681308e+00
2.639541500501289217e+00
2.971356026999229627e+00
2.386012401457427767e+00
1.669120942647440931e+00
1.704898920355541136e+00
2.497411521917910271e+00
1.939940807622753560e+00
2.800044370184255893e+00
2.891094590304581047e+00
2.025332687428772260e+00
2.778347008865668322e+00
2.573587791797927959e+00
1.837713700424285168e+00
2.021440746236323083e+00
2.070211275651775651e+00
2.176887170713429853e+00
3.623766140920507528e+00
2.533049440361068605e+00
2.852016765722265479e+00
3.052841706660801346e+00
1.796180050436632758e+00
1.843579203101382902e+00
2.263446098060346579e+00
2.197671021542505265e+00
4.092929358280006369e+00
2.023346491806473413e+00
2.726647231318246600e+00
1.941246270926149542e+00
2.888374276503535842e+00
2.437489229425494841e+00
2.464292702383622302e+00
2.512711661284622089e+00
1.441897020604285373e+00
3.392438014866324902e+00
2.712868780581710215e+00
1.999609609963604040e+00
1.598150398561611674e+00
3.233375140787257074e+00
2.394848262319452470e+00
1.734215826264221327e+00
1.718733989738151946e+00
1.336575413986603511e+00
3.249286019186734542e+00
2.174330864960740239e+00
1.808144404974689756e+00
2.511083704642003589e+00
3.678624708897487494e+00
2.118546983436628395e+00
4.006456678031354635e+00
2.719906309379521936e+00
2.303308554269838826e+00
2.767393969470352211e+00
2.202021550214190437e+00
3.191083333688398582e+00
3.146005405723760084e+00
2.166863807680392995e+00
2.714741520080976578e+00
2.077950798184089010e+00
2.876540000377893591e+00
4.260544392854211715e+00
2.421438963999137606e+00
2.276613908762925576e+00
5.011442193268025314e+00
2.808499383168920893e+00
2.736393541899253545e+00
2.317047940216140134e+00
2.624240146613334712e+00
3.038557752746546381e+00
2.112555093095217273e+00
3.301061319008995909e+00
2.037436309113020982e+00
2.357090617291546231e+00
2.328651964366588611e+00
2.721328660933401533e+00
4.109653847026852880e+00
3.361327029255708698e+00
2.732387748775535474e+00
3.321330233535139342e+00
2.266715070886133887e+00
2.706952161328762596e+00
3.220751728554607674e+00
2.075918163835674068e+00
3.921127389585019607e+00
2.194223932736894422e+00
2.931809381013229299e+00
2.957477839041683598e+00
3.743084046393329256e+00
1.990442665138694611e+00
2.824858919516206157e+00
2.023540918657241505e+00
4.580318334441880523e+00
2.719928862981448425e+00
1.687054133708005832e+00
2.651996496577069262e+00
3.165639618202767736e+00
3.508230658210341524e+00
2.901634919573846005e+00
3.301283378389217038e+00
3.252316466694206820e+00
2.354161538686419863e+00
3.931694031285354995e+00
