4.156421520999997732e-02
4.219834331999997717e-02
4.363954356999998063e-02
4.975023262999997420e-02
4.767490426999997088e-02
5.159496894999997252e-02
4.156421520999997732e-02
4.928904854999997809e-02
4.611840799999997881e-02
4.819373635999997518e-02
5.021141670999997725e-02
4.548427988999997895e-02
4.404307963999998243e-02
4.404307963999998243e-02
4.075714306999998066e-02
4.479250376999997785e-02
4.289011943999997828e-02
4.704077615999997103e-02
4.531133585999998215e-02
4.836668038999997199e-02
5.038436073999997405e-02
4.842432839999997324e-02
4.957728859999997739e-02
4.577251993999997826e-02
5.113378486999997641e-02
4.559957590999998145e-02
4.508074381999997715e-02
4.629135202999998255e-02
4.675253610999997866e-02
4.859727242999997698e-02
4.225599132999997842e-02
4.479250376999997785e-02
4.600311197999998325e-02
4.473485575999997660e-02
4.819373635999997518e-02
4.387013560999997869e-02
4.692548013999997547e-02
4.727136819999997602e-02
4.415837565999997799e-02
4.796314431999997713e-02
4.473485575999997660e-02
4.928904854999997809e-02
5.119143287999997766e-02
5.234439307999997487e-02
4.588781595999998075e-02
4.646429605999997936e-02
4.306306346999998202e-02
4.623370401999998131e-02
4.433131968999998174e-02
4.133362316999997926e-02
4.306306346999998202e-02
4.554192789999998020e-02
4.559957590999998145e-02
4.611840799999997881e-02
4.646429605999997936e-02
4.900080849999997185e-02
4.559957590999998145e-02
4.542663187999997770e-02
4.191010326999997787e-02
4.669488809999997742e-02
4.790549630999997588e-02
4.923140053999997684e-02
4.289011943999997828e-02
4.727136819999997602e-02
4.323600749999997883e-02
4.421602366999997924e-02
4.410072764999997674e-02
5.257498511999997293e-02
4.732901620999997727e-02
4.773255227999997213e-02
4.554192789999998020e-02
4.306306346999998202e-02
4.848197640999997449e-02
4.513839182999997840e-02
4.629135202999998255e-02
4.900080849999997185e-02
4.727136819999997602e-02
4.358189555999997938e-02
4.444661570999997730e-02
4.940434456999997365e-02
4.237128734999998092e-02
5.055730476999997780e-02
4.825138436999997643e-02
4.214069530999997593e-02
4.185245525999997662e-02
4.600311197999998325e-02
4.438896769999997605e-02
3.837628025699997558e-02
4.738666421999997158e-02
4.611840799999997881e-02
4.485015177999997910e-02
5.194085700999997307e-02
4.721372018999997477e-02
4.450426371999997854e-02
4.219834331999997717e-02
4.150656719999997607e-02
4.196775127999997912e-02
4.404307963999998243e-02
3.886052354099997497e-02
4.842432839999997324e-02
4.825138436999997643e-02
4.485015177999997910e-02
4.317835948999997758e-02
4.219834331999997717e-02
4.542663187999997770e-02
4.594546396999998200e-02
4.508074381999997715e-02
4.698312814999997672e-02
4.888551247999997629e-02
4.467720774999998229e-02
4.842432839999997324e-02
4.461955973999998104e-02
4.231363933999997967e-02
4.692548013999997547e-02
4.732901620999997727e-02
5.395853735999997514e-02
4.554192789999998020e-02
4.917375252999997559e-02
4.554192789999998020e-02
4.046890301999997441e-02
4.306306346999998202e-02
4.479250376999997785e-02
4.410072764999997674e-02
5.257498511999997293e-02
4.681018411999997991e-02
4.289011943999997828e-02
4.398543162999998118e-02
4.744431222999997283e-02
4.173715923999998106e-02
4.306306346999998202e-02
4.721372018999997477e-02
4.461955973999998104e-02
5.326676123999997403e-02
5.124908088999997891e-02
4.698312814999997672e-02
4.081479107999997497e-02
4.825138436999997643e-02
4.980788063999997545e-02
4.565722391999998270e-02
4.606075998999997756e-02
4.323600749999997883e-02
5.073024879999997461e-02
4.421602366999997924e-02
4.421602366999997924e-02
4.802079232999997144e-02
5.101848884999997391e-02
4.219834331999997717e-02
5.101848884999997391e-02
4.565722391999998270e-02
5.136437690999997446e-02
4.998082466999997225e-02
4.623370401999998131e-02
5.430442541999996875e-02
4.606075998999997756e-02
4.773255227999997213e-02
4.992317665999997794e-02
4.669488809999997742e-02
4.675253610999997866e-02
4.629135202999998255e-02
4.675253610999997866e-02
4.663724008999998311e-02
4.853962441999997574e-02
4.548427988999997895e-02
4.813608834999997393e-02
4.323600749999997883e-02
4.300541545999998078e-02
4.513839182999997840e-02
4.323600749999997883e-02
4.715607217999997353e-02
4.623370401999998131e-02
4.335130351999998133e-02
4.652194406999998061e-02
4.790549630999997588e-02
5.067260078999997336e-02
4.709842416999997228e-02
4.317835948999997758e-02
4.519603983999997965e-02
4.732901620999997727e-02
4.502309580999998284e-02
4.825138436999997643e-02
4.773255227999997213e-02
3.898158436199997828e-02
4.363954356999998063e-02
4.629135202999998255e-02
4.508074381999997715e-02
5.073024879999997461e-02
4.340895152999997564e-02
4.877021645999997379e-02
4.519603983999997965e-02
4.003077814399998158e-02
4.807844033999997269e-02
4.363954356999998063e-02
4.980788063999997545e-02
4.606075998999997756e-02
4.692548013999997547e-02
4.467720774999998229e-02
4.853962441999997574e-02
4.519603983999997965e-02
4.623370401999998131e-02
5.205615302999997557e-02
