3.143835231884251156e-03
2.565582239973194373e-03
2.758333237276879967e-03
3.494205271318044648e-03
3.030843267947608190e-03
2.622078221941516289e-03
2.725100306707279197e-03
2.681897496966797936e-03
2.954407527637525725e-03
2.439297103808710752e-03
2.612108342770635798e-03
2.681897496966797936e-03
2.558935653859274479e-03
2.449266982979591244e-03
2.254189680536033101e-03
3.370768672059526634e-03
2.851385442871762817e-03
2.731746892821199091e-03
2.515732844118793218e-03
2.778272995618640516e-03
2.774949702561680352e-03
2.598815170542795577e-03
2.688544083080718263e-03
2.512409551061833054e-03
2.452590276036551407e-03
3.030843267947608190e-03
2.897911545669204243e-03
2.658634445568077223e-03
2.997610337378006987e-03
2.997610337378006987e-03
2.868001908156563202e-03
2.828122391473042105e-03
2.452590276036551407e-03
2.914528010954004628e-03
2.462560155207431465e-03
2.409387466296069712e-03
3.004256923491927314e-03
3.010903509605847642e-03
3.163774990226011705e-03
3.067399491574169124e-03
3.163774990226011705e-03
3.047459733232408575e-03
2.771626409504720188e-03
2.784919581732560843e-03
2.718453720593358870e-03
2.768303116447760458e-03
3.087339249915929673e-03
2.771626409504720188e-03
2.844738856757842490e-03
2.545642481631433824e-03
2.605461756656715904e-03
2.485823206606152178e-03
2.828122391473042105e-03
2.967700699865366380e-03
2.685220790023758099e-03
2.735070185878159255e-03
2.761656530333840131e-03
2.698513962251598754e-03
2.934467769295765176e-03
2.382801121840389270e-03
2.755009944219919803e-03
3.323293056960096529e-03
2.828122391473042105e-03
2.931144476238805013e-03
2.947760941523605831e-03
2.665281031681997551e-03
2.987640458207126929e-03
2.356214777384708393e-03
2.625401514998476453e-03
2.944437648466645668e-03
2.971023992922326544e-03
2.298389478193602412e-03
2.655311152511117059e-03
2.755009944219919803e-03
3.137188645770330828e-03
2.572228826087114700e-03
2.794889460903440901e-03
3.183714748567772253e-03
2.874648494270483530e-03
2.369507949612548615e-03
2.432650517694790425e-03
2.402740880182149819e-03
2.578875412201035028e-03
2.439297103808710752e-03
2.532349309403593603e-03
2.671927617795917878e-03
3.010903509605847642e-03
2.695190669194638591e-03
2.745040065049039746e-03
2.781596288675600680e-03
2.154158559521534341e-03
2.874648494270483530e-03
2.957730820694485889e-03
2.310021003892962985e-03
2.296063173053730297e-03
2.844738856757842490e-03
2.741716771992079582e-03
2.632048101112396780e-03
2.678574203909837772e-03
3.047459733232408575e-03
2.638694687226316674e-03
2.402740880182149819e-03
2.944437648466645668e-03
2.655311152511117059e-03
3.057429612403289067e-03
2.645341273340237002e-03
2.897911545669204243e-03
2.665281031681997551e-03
2.811505926188241720e-03
2.588845291371915085e-03
2.967700699865366380e-03
3.361273549039640700e-03
2.718453720593358870e-03
2.887941666498323751e-03
3.077369370745049616e-03
2.824799098416081941e-03
2.532349309403593603e-03
2.891264959555283915e-03
2.681897496966797936e-03
2.804859340074321392e-03
2.638694687226316674e-03
2.419357345466950204e-03
2.774949702561680352e-03
2.871325201213523366e-03
2.801536047017361229e-03
2.369507949612548615e-03
2.691867376137678427e-03
2.741716771992079582e-03
2.655311152511117059e-03
2.927821183181844849e-03
2.851385442871762817e-03
3.173744869396892196e-03
2.525702723289673275e-03
3.084015956858969943e-03
2.841415563700882326e-03
2.764979823390800295e-03
3.147158524941211320e-03
2.642017980283276838e-03
2.725100306707279197e-03
3.147158524941211320e-03
2.741716771992079582e-03
2.655311152511117059e-03
3.090662542972889837e-03
3.240210730536094170e-03
2.894588252612244079e-03
3.316646470846176201e-03
2.738393478935119418e-03
2.818152512302161614e-03
2.545642481631433824e-03
2.741716771992079582e-03
2.625401514998476453e-03
2.874648494270483530e-03
2.821475805359121777e-03
2.605461756656715904e-03
2.515732844118793218e-03
2.821475805359121777e-03
2.214642493158208020e-03
2.824799098416081941e-03
2.655311152511117059e-03
2.522379430232713111e-03
2.392771001011269327e-03
2.881295080384403857e-03
2.555612360802314315e-03
2.831445684530002269e-03
2.768303116447760458e-03
2.967700699865366380e-03
2.538995895517513930e-03
2.406064173239109982e-03
2.685220790023758099e-03
2.824799098416081941e-03
2.249537070256288872e-03
2.868001908156563202e-03
2.191379441759487307e-03
2.688544083080718263e-03
2.984317165150166765e-03
2.645341273340237002e-03
2.917851304010964791e-03
2.602138463599755740e-03
2.897911545669204243e-03
2.529026016346633439e-03
2.784919581732560843e-03
2.828122391473042105e-03
2.625401514998476453e-03
3.456224779238500910e-03
2.798212753960401065e-03
2.848062149814802654e-03
2.951084234580565561e-03
2.548965774688393988e-03
2.165790085220894914e-03
2.828122391473042105e-03
2.675250910852878042e-03
2.618754928884556125e-03
3.113925594371610549e-03
2.881295080384403857e-03
2.977670579036246438e-03
2.628724808055436617e-03
2.745040065049039746e-03
2.718453720593358870e-03
2.512409551061833054e-03
2.735070185878159255e-03
